2020-01-23 20:01:940 INFO  LoggerTest:23 - Log test1
2020-01-23 20:01:944 INFO  LoggerTest:24 - Log test2
2020-01-23 20:01:945 INFO  LoggerTest:25 - Log test3
2020-01-23 20:01:946 INFO  LoggerTest:26 - Log test4
2020-01-23 20:01:947 INFO  LoggerTest:28 - Log testA
2020-01-23 20:01:948 INFO  LoggerTest:29 - Log testB
2020-01-23 20:01:948 INFO  LoggerTest:30 - Log testC
2020-01-23 20:01:948 INFO  LoggerTest:31 - Log testD
2020-01-23 20:01:613 INFO  LoggerTest:23 - Log test1
2020-01-23 20:01:616 INFO  LoggerTest:24 - Log test2
2020-01-23 20:01:616 INFO  LoggerTest:25 - Log test3
2020-01-23 20:01:617 INFO  LoggerTest:26 - Log test4
2020-01-23 20:01:617 INFO  LoggerTest:28 - Log testA
2020-01-23 20:01:617 INFO  LoggerTest:29 - Log testB
2020-01-23 20:01:618 INFO  LoggerTest:30 - Log testC
2020-01-23 20:01:618 INFO  LoggerTest:31 - Log testD
2020-01-23 20:01:858 INFO  LoggerTest:25 - Log test1
2020-01-23 20:01:860 INFO  LoggerTest:26 - Log test2
2020-01-23 20:01:861 INFO  LoggerTest:27 - Log test3
2020-01-23 20:01:861 INFO  LoggerTest:28 - Log test4
2020-01-23 20:01:862 INFO  LoggerTest:30 - Log testA
2020-01-23 20:01:862 INFO  LoggerTest:31 - Log testB
2020-01-23 20:01:862 INFO  LoggerTest:32 - Log testC
2020-01-23 20:01:863 INFO  LoggerTest:33 - Log testD
